  Activating project at `~/causticsEngineering`
Loading: Final cows/charcol.png
Resized to 512x512 — mesh will be ~525k faces
-2.351383520032385
0.9372990791173519
Loss:
Minimum: -2.351383520032385
Maximum: 0.9372990791173519
SUM: -3.637978807091713e-12
(512, 512)
(512, 512)
(512, 512)
Building Phi
19.751933537003502
3.376677113961791
0.2533765454251249
0.0209671686650983
0.0017188213474411639
0.00014097174589316807
1.156171315180643e-5
Convergence reached at step 3530 with max_update of 9.950746231126572e-6
Overall min_t:0.45608085026630085
-2.634048159424894
1.2834360255387471
Loss:
Minimum: -2.634048159424894
Maximum: 1.2834360255387471
SUM: 0.0
(512, 512)
(512, 512)
(512, 512)
Building Phi
9.533128426783096
1.8390585664069277
0.1380106018153428
0.011424206614451982
0.000936536879039927
7.681171619919491e-5
Convergence reached at step 3408 with max_update of 9.980718616993678e-6
Overall min_t:0.3825378737795549
-2.7014100854998837
1.6334694216835697
Loss:
Minimum: -2.7014100854998837
Maximum: 1.6334694216835697
SUM: 5.4569682106375694e-12
(512, 512)
(512, 512)
(512, 512)
Building Phi
5.280854020247632
1.0820433548680743
0.08105678792238714
0.006714108509229756
0.0005503847200751824
4.514089695512841e-5
Convergence reached at step 3302 with max_update of 9.966903578881026e-6
Overall min_t:0.3828804443872041
-2.766928982789891
1.9432326973348486
Loss:
Minimum: -2.766928982789891
Maximum: 1.9432326973348486
SUM: 1.8189894035458565e-12
(512, 512)
(512, 512)
(512, 512)
Building Phi
2.9174037199848812
0.5913107648544105
0.044107110648732815
0.0036592880574011027
0.00029992623547683535
2.4599199543320628e-5
Convergence reached at step 3180 with max_update of 9.998208130912734e-6
Overall min_t:0.28763425177716323
-2.487798194509002
2.146728541158265
Loss:
Minimum: -2.487798194509002
Maximum: 2.146728541158265
SUM: -1.8189894035458565e-12
(512, 512)
(512, 512)
(512, 512)
Building Phi
1.9828861002506681
0.35428095584550706
0.02633239134505691
0.00218969723046546
0.00017944513980358069
1.4717757601990233e-5
Convergence reached at step 3078 with max_update of 9.963442004779499e-6
Overall min_t:0.15339149211863562
-2.317448026029306
2.19031245625604
Loss:
Minimum: -2.317448026029306
Maximum: 2.19031245625604
SUM: 3.637978807091713e-12
(512, 512)
(512, 512)
(512, 512)
Building Phi
1.612936873347478
0.26119965359131403
0.019357956160503585
0.0016126661742503037
0.0001321427398925115
1.0838161108946142e-5
Convergence reached at step 3017 with max_update of 9.954697554117875e-6
Overall min_t:0.0783790656563221
0.0001953125
Have all the divergences
Divergence sum: -0.20050525139590114
0.004128515702866824
0.0007802011297449906
5.8604314562688455e-5
Convergence reached at step 1856 with max_update of 9.96423475319354e-6
Example heights: 0.6211873191220468  and  0.6211873191220468 and 10.621187319122047
Specs: 513  513  526338  2048  524288 1052672
We now have 526338 valid nodes
We've filled up 524288 triangles
We've filled up 1048576 triangles
[charcol (normal)] Parsing OBJ: mesh.obj ...
[charcol (normal)]   526,338 vertices | 1,052,672 faces
[charcol (normal)]   top_faces=524,288  sigma=1.501  radius=2
[charcol (normal)]   dome=22.18mm  light_z=0.7527  plane_z=-0.7695
[charcol (normal)] Tracing 4 passes ...
[charcol (normal)]   100,000/524,288 (19%)[charcol (normal)]   200,000/524,288 (38%)[charcol (normal)]   300,000/524,288 (57%)[charcol (normal)]   400,000/524,288 (76%)[charcol (normal)]   500,000/524,288 (95%)[charcol (normal)]   524,288/524,288 (100%)
[charcol (normal)]   hit_rate=100.0%  sigma=1.501  faces=524,288
[charcol (normal)] Done -> /Users/admin/causticsEngineering/Final cows/charcol/normal/caustic.png
TIMING: Julia=51s RayTrace=6s Total=57s
