  Activating project at `~/causticsEngineering`
Loading: Final cows/charcol.png
Resized to 1024x1024 — mesh will be ~2.1M faces
-2.3618209546723015
0.9735914315366221
Loss:
Minimum: -2.3618209546723015
Maximum: 0.9735914315366221
SUM: -2.9103830456733704e-11
(1024, 1024)
(1024, 1024)
(1024, 1024)
Building Phi
46.457868776367775
17.483309577294467
11.306012289180256
8.149027088632975
5.2554348635470545
3.2792334603111537
2.0244944629800754
1.243808112058152
0.7621880066716694
0.4663765213862753
0.28513447561461547
0.17424317995678576
0.10644937879862665
0.06502230189611692
0.03971389008714324
0.024254931599027273
0.014813059816789986
0.009046531305022667
0.005524781972946597
0.003374005221850906
Overall min_t:0.43776767326596727
-2.708154651084678
1.3685195737542322
Loss:
Minimum: -2.708154651084678
Maximum: 1.3685195737542322
SUM: 2.1827872842550278e-11
(1024, 1024)
(1024, 1024)
(1024, 1024)
Building Phi
28.924132202827376
9.823987227965697
6.309482906329928
4.339121834318608
2.8088022493270506
1.7542389755491474
1.0834032334738237
0.6657426126176559
0.4079989267009894
0.24966549292023574
0.15264614040115318
0.09328247391744825
0.05698913776931094
0.034810798563308515
0.021261584231584297
0.012985364140045736
0.00793047798768001
0.004843250907584466
0.0029578094782262143
0.001806345852424589
Overall min_t:0.3749212216580174
-2.7495149565856267
1.7257661916570382
Loss:
Minimum: -2.7495149565856267
Maximum: 1.7257661916570382
SUM: -1.4551915228366852e-11
(1024, 1024)
(1024, 1024)
(1024, 1024)
Building Phi
19.56771419258677
6.065855199650255
3.8183649120291263
2.3880571858229356
1.5575240717596803
0.9748460939838238
0.6026087279427061
0.37047558091569
0.22710581503893948
0.13899324841566296
0.08498821918872594
0.05193911873084247
0.03173211442216555
0.019383314013120555
0.011838965500282513
0.0072306046679018725
0.0044159200124336455
0.002696867282556497
0.0016469986631814496
0.0010058291560558533
Overall min_t:0.35759300083695184
-2.9324352005700014
2.001730111028678
Loss:
Minimum: -2.9324352005700014
Maximum: 2.001730111028678
SUM: 5.093170329928398e-11
(1024, 1024)
(1024, 1024)
(1024, 1024)
Building Phi
13.449844854464141
4.077495526647534
2.365787101227302
1.4471865352192086
0.8766122042447434
0.5323328370163959
0.324023795951294
0.1975090785876333
0.12048946568434307
0.07353782607898397
0.04489377677195388
0.0274110952784382
0.01673800688625483
0.01022121098207688
0.0062418478505471995
0.0038118081687998043
0.0023278389171842656
0.0014215990369608274
0.0008681657406368018
0.0005301868051540259
Overall min_t:0.29220140157116703
-2.6874907377638984
2.2485079894617552
Loss:
Minimum: -2.6874907377638984
Maximum: 2.2485079894617552
SUM: -3.637978807091713e-12
(1024, 1024)
(1024, 1024)
(1024, 1024)
Building Phi
9.804687727301502
2.926011538519389
1.600774085142815
0.9855675970989083
0.5980295827191667
0.363347216514773
0.22119995141377014
0.13483947325544882
0.08225946248116267
0.05020529600154863
0.030649634533029838
0.018713953265990343
0.011427280533075374
0.00697816924253375
0.004261400183639156
0.002602376688495376
0.0015892493063640366
0.0009705462091662418
0.0005927092888378266
0.00036196619358303667
Overall min_t:0.1580826540064988
-2.5642455102673454
2.2452049470828803
Loss:
Minimum: -2.5642455102673454
Maximum: 2.2452049470828803
SUM: -3.092281986027956e-11
(1024, 1024)
(1024, 1024)
(1024, 1024)
Building Phi
8.251625057683759
2.439239199947248
1.2925844648089
0.7987846924983526
0.4855180960446252
0.29525459016223565
0.17983695434152183
0.10965684159424806
0.06690767202692025
0.0408395067669304
0.024933300520981017
0.015224166329922987
0.009296480645561045
0.005677035399902051
0.0034668493213626523
0.002117162857729746
0.0012929358409657233
0.0007895900016375851
0.00048220025355831606
0.0002944786922462563
Overall min_t:0.08119008504467941
9.765625e-5
Have all the divergences
Divergence sum: -0.19567155434858208
0.005870841376819658
0.0019801369192161693
0.0012751360956887938
0.0008824035056207839
0.0005712180076253297
0.00035676822328398124
0.00022034150472815026
0.0001353995955567537
8.297987165724315e-5
5.0777792291576826e-5
3.104573967122756e-5
1.8972158727883902e-5
1.159068419675654e-5
Convergence reached at step 6650 with max_update of 9.997499351690886e-6
Example heights: -0.5602306891213789  and  -0.5602306891213789 and 9.43976931087862
Specs: 1025  1025  2101250  4096  2097152 4202496
We now have 2101250 valid nodes
We've filled up 2097152 triangles
We've filled up 4194304 triangles
/Users/admin/causticsEngineering/simulate_batch.py:138: RuntimeWarning: divide by zero encountered in divide
  t_pln = np.where(np.abs(dz_e) > 1e-12, (plane_z - exit_p[:, 2]) / dz_e, -1.0)
[charcol (prod)] Parsing OBJ: mesh.obj ...
[charcol (prod)]   2,101,250 vertices | 4,202,496 faces
[charcol (prod)]   top_faces=2,097,272  sigma=0.750  radius=2
[charcol (prod)]   dome=22.82mm  light_z=0.7533  plane_z=-0.7695
[charcol (prod)] Tracing 4 passes ...
[charcol (prod)]   100,000/2,097,272 (5%)[charcol (prod)]   200,000/2,097,272 (10%)[charcol (prod)]   300,000/2,097,272 (14%)[charcol (prod)]   400,000/2,097,272 (19%)[charcol (prod)]   500,000/2,097,272 (24%)[charcol (prod)]   600,000/2,097,272 (29%)[charcol (prod)]   700,000/2,097,272 (33%)[charcol (prod)]   800,000/2,097,272 (38%)[charcol (prod)]   900,000/2,097,272 (43%)[charcol (prod)]   1,000,000/2,097,272 (48%)[charcol (prod)]   1,100,000/2,097,272 (52%)[charcol (prod)]   1,200,000/2,097,272 (57%)[charcol (prod)]   1,300,000/2,097,272 (62%)[charcol (prod)]   1,400,000/2,097,272 (67%)[charcol (prod)]   1,500,000/2,097,272 (72%)[charcol (prod)]   1,600,000/2,097,272 (76%)[charcol (prod)]   1,700,000/2,097,272 (81%)[charcol (prod)]   1,800,000/2,097,272 (86%)[charcol (prod)]   1,900,000/2,097,272 (91%)[charcol (prod)]   2,000,000/2,097,272 (95%)[charcol (prod)]   2,097,272/2,097,272 (100%)
[charcol (prod)]   hit_rate=100.0%  sigma=0.750  faces=2,097,272
[charcol (prod)] Done -> /Users/admin/causticsEngineering/Final cows/charcol/prod/caustic.png
TIMING: Julia=492s RayTrace=22s Total=514s
