  Activating project at `~/causticsEngineering`
Loading: Final cows/woodblock.png
Resized to 512x512 — mesh will be ~525k faces
-3.2852240944852076
1.000000080447012
Loss:
Minimum: -3.2852240944852076
Maximum: 1.000000080447012
SUM: -1.1641532182693481e-10
(512, 512)
(512, 512)
(512, 512)
Building Phi
30.45481078669193
5.1158741666401335
0.38503159898173367
0.03182533893433818
0.002609058993959549
0.0002139854442335276
1.754990862498418e-5
Convergence reached at step 3613 with max_update of 9.972704489952244e-6
Overall min_t:0.34397098538964965
-3.780345566290533
1.449334986759645
Loss:
Minimum: -3.780345566290533
Maximum: 1.449334986759645
SUM: 0.0
(512, 512)
(512, 512)
(512, 512)
Building Phi
18.031190724670573
3.300840422678968
0.24923115750049804
0.02059596201238195
0.0016885631782638372
0.00013848975228869463
1.1358153824846951e-5
Convergence reached at step 3526 with max_update of 9.973104038624725e-6
Overall min_t:0.23420301575522617
-3.8589315369025052
1.7930766701956653
Loss:
Minimum: -3.8589315369025052
Maximum: 1.7930766701956653
SUM: 1.0913936421275139e-11
(512, 512)
(512, 512)
(512, 512)
Building Phi
13.014512031872764
2.4533827329515994
0.18564020497097636
0.015338517646898475
0.0012574969649640417
0.00010313525177229443
Convergence reached at step 3467 with max_update of 9.976549367586852e-6
Overall min_t:0.22531552135279687
-3.995224291380435
2.189947918922564
Loss:
Minimum: -3.995224291380435
Maximum: 2.189947918922564
SUM: -9.094947017729282e-12
(512, 512)
(512, 512)
(512, 512)
Building Phi
9.967301818770459
1.86062225346579
0.14099788479696546
0.011648541141054833
0.0009549575007275996
7.832208449090439e-5
Convergence reached at step 3412 with max_update of 9.975374959507178e-6
Overall min_t:0.18315771861775582
-3.9219816896803814
2.39478702921572
Loss:
Minimum: -3.9219816896803814
Maximum: 2.39478702921572
SUM: 3.637978807091713e-12
(512, 512)
(512, 512)
(512, 512)
Building Phi
8.192161853735819
1.4887880424038025
0.11283852382971934
0.009320663860170896
0.0007641168494905631
6.267001649979454e-5
Convergence reached at step 3367 with max_update of 9.996663561139818e-6
Overall min_t:0.14342594222757726
-3.911792038464751
2.5274030581021028
Loss:
Minimum: -3.911792038464751
Maximum: 2.5274030581021028
SUM: 2.3646862246096134e-11
(512, 512)
(512, 512)
(512, 512)
Building Phi
6.879188330934918
1.227634557058656
0.09314423843387598
0.007693807917734682
0.0006307598442156975
5.17325897413573e-5
Convergence reached at step 3329 with max_update of 9.979382738800057e-6
Overall min_t:0.10616991770747608
0.0001953125
Have all the divergences
Divergence sum: -0.18697459610444156
0.005668932987278097
0.0010096271269940302
7.630658548746977e-5
Convergence reached at step 1908 with max_update of 9.987008090265594e-6
Example heights: 1.347229686486957  and  1.347229686486957 and 11.347229686486957
Specs: 513  513  526338  2048  524288 1052672
We now have 526338 valid nodes
We've filled up 524288 triangles
We've filled up 1048576 triangles
[woodblock (normal)] Parsing OBJ: mesh.obj ...
[woodblock (normal)]   526,338 vertices | 1,052,672 faces
[woodblock (normal)]   top_faces=524,288  sigma=1.501  radius=2
[woodblock (normal)]   dome=22.25mm  light_z=0.7527  plane_z=-0.7695
[woodblock (normal)] Tracing 4 passes ...
[woodblock (normal)]   100,000/524,288 (19%)[woodblock (normal)]   200,000/524,288 (38%)[woodblock (normal)]   300,000/524,288 (57%)[woodblock (normal)]   400,000/524,288 (76%)[woodblock (normal)]   500,000/524,288 (95%)[woodblock (normal)]   524,288/524,288 (100%)
[woodblock (normal)]   hit_rate=100.0%  sigma=1.501  faces=524,288
[woodblock (normal)] Done -> /Users/admin/causticsEngineering/Final cows/woodblock/normal/caustic.png
TIMING: Julia=51s RayTrace=7s Total=58s
