  Activating project at `~/causticsEngineering`
Loading: Final cows/Nikon.png
Resized to 512x512 — mesh will be ~525k faces
-1.2947754589062586
0.9987337223878974
Loss:
Minimum: -1.2947754589062586
Maximum: 0.9987337223878974
SUM: -2.1827872842550278e-11
(512, 512)
(512, 512)
(512, 512)
Building Phi
26.512789140367182
5.123247006861589
0.3906868312825332
0.032338353390319347
0.0026510796844609608
0.0002174310718560768
1.783240723448709e-5
Convergence reached at step 3616 with max_update of 9.982409924810254e-6
Overall min_t:0.5366849546707644
-1.9606485841776953
1.2591525649279203
Loss:
Minimum: -1.9606485841776953
Maximum: 1.2591525649279203
SUM: 7.275957614183426e-12
(512, 512)
(512, 512)
(512, 512)
Building Phi
17.5739036293047
3.459996871827695
0.26265949508969894
0.02171773017796765
0.001780567639995906
0.00014603528717740955
1.1976973089230513e-5
Convergence reached at step 3537 with max_update of 9.953496607676415e-6
Overall min_t:0.5403060211047719
-2.1501504548234456
1.4895907354341773
Loss:
Minimum: -2.1501504548234456
Maximum: 1.4895907354341773
SUM: -3.637978807091713e-12
(512, 512)
(512, 512)
(512, 512)
Building Phi
11.802421163705484
2.228814833347904
0.1681926353467387
0.013899552142709442
0.0011396453007072056
9.346910492954385e-5
Convergence reached at step 3447 with max_update of 9.992725670461833e-6
Overall min_t:0.2943172155540857
-2.211577907288035
1.5215156427307583
Loss:
Minimum: -2.211577907288035
Maximum: 1.5215156427307583
SUM: -1.0913936421275139e-11
(512, 512)
(512, 512)
(512, 512)
Building Phi
9.398661455664353
1.733932541679122
0.13049264392819945
0.010780708851296868
0.0008839473779503804
7.249783853562785e-5
Convergence reached at step 3397 with max_update of 9.95299545006656e-6
Overall min_t:0.1546776634821752
-2.2185595944909866
1.5379954433191037
Loss:
Minimum: -2.2185595944909866
Maximum: 1.5379954433191037
SUM: -3.637978807091713e-12
(512, 512)
(512, 512)
(512, 512)
Building Phi
8.303988687919038
1.5181655829675176
0.11410622141439074
0.009425582598483227
0.0007728421109326805
6.338544523299017e-5
Convergence reached at step 3370 with max_update of 9.960233178782363e-6
Overall min_t:0.07855322361052172
-2.2210214926691756
1.5417508324679456
Loss:
Minimum: -2.2210214926691756
Maximum: 1.5417508324679456
SUM: 7.275957614183426e-12
(512, 512)
(512, 512)
(512, 512)
Building Phi
7.790345407052815
1.4203319459870116
0.10668116501690098
0.008811759795555969
0.0007225146353383544
5.9257739142464796e-5
Convergence reached at step 3356 with max_update of 9.987000451344151e-6
Overall min_t:0.03978386828862285
0.0001953125
Have all the divergences
Divergence sum: 0.22106866547975912
0.0075608602695601814
0.0015056330713525102
0.0001144798953318074
Convergence reached at step 1990 with max_update of 9.954339698841345e-6
Example heights: 4.221514062529444  and  4.221514062529444 and 14.221514062529444
Specs: 513  513  526338  2048  524288 1052672
We now have 526338 valid nodes
We've filled up 524288 triangles
We've filled up 1048576 triangles
/Users/admin/causticsEngineering/simulate_batch.py:138: RuntimeWarning: divide by zero encountered in divide
  t_pln = np.where(np.abs(dz_e) > 1e-12, (plane_z - exit_p[:, 2]) / dz_e, -1.0)
[nikon (normal)] Parsing OBJ: mesh.obj ...
[nikon (normal)]   526,338 vertices | 1,052,672 faces
[nikon (normal)]   top_faces=525,564  sigma=1.499  radius=2
[nikon (normal)]   dome=23.08mm  light_z=0.7535  plane_z=-0.7695
[nikon (normal)] Tracing 4 passes ...
[nikon (normal)]   100,000/525,564 (19%)[nikon (normal)]   200,000/525,564 (38%)[nikon (normal)]   300,000/525,564 (57%)[nikon (normal)]   400,000/525,564 (76%)[nikon (normal)]   500,000/525,564 (95%)[nikon (normal)]   525,564/525,564 (100%)
[nikon (normal)]   hit_rate=99.8%  sigma=1.499  faces=525,564
[nikon (normal)] Done -> /Users/admin/causticsEngineering/Final cows/nikon/normal/caustic.png
TIMING: Julia=51s RayTrace=6s Total=57s
