  Activating project at `~/causticsEngineering`
Loading: Final cows/ banknote.png
Resized to 512x512 — mesh will be ~525k faces
-2.1233802051420643
0.9137389329579425
Loss:
Minimum: -2.1233802051420643
Maximum: 0.9137389329579425
SUM: 3.637978807091713e-12
(512, 512)
(512, 512)
(512, 512)
Building Phi
17.399639793912876
2.797110577399456
0.2091987270532881
0.017320753142292155
0.001419913908874072
0.00011645663887785651
Convergence reached at step 3491 with max_update of 9.990908741123183e-6
Overall min_t:0.5332812094757814
-2.4497385482919096
1.345413483768606
Loss:
Minimum: -2.4497385482919096
Maximum: 1.345413483768606
SUM: 1.8189894035458565e-12
(512, 512)
(512, 512)
(512, 512)
Building Phi
7.10596039055413
1.3116411154328727
0.09799574200069945
0.00812144726470341
0.0006657630886102101
5.460399891579926e-5
Convergence reached at step 3340 with max_update of 9.969422518215087e-6
Overall min_t:0.47052913958759957
-2.394423271253167
1.6375594396445843
Loss:
Minimum: -2.394423271253167
Maximum: 1.6375594396445843
SUM: -3.637978807091713e-12
(512, 512)
(512, 512)
(512, 512)
Building Phi
3.2697490844424784
0.6144280557233743
0.04573872649111544
0.003799078328143054
0.00031139342685955305
2.5539820339958165e-5
Convergence reached at step 3188 with max_update of 9.973361091027976e-6
Overall min_t:0.47098837705806496
-2.546369985385275
1.9148456745042866
Loss:
Minimum: -2.546369985385275
Maximum: 1.9148456745042866
SUM: -5.002220859751105e-12
(512, 512)
(512, 512)
(512, 512)
Building Phi
1.6577247963657729
0.21491693083922833
0.01575212589350209
0.0013179724570108766
0.00010798145790610142
Convergence reached at step 2976 with max_update of 9.986302595246522e-6
Overall min_t:0.25546227376497277
-2.187425657992886
1.89008200924382
Loss:
Minimum: -2.187425657992886
Maximum: 1.89008200924382
SUM: 6.366462912410498e-12
(512, 512)
(512, 512)
(512, 512)
Building Phi
1.1391338269427755
0.0979187905623162
0.006443788123741572
0.0005474636242172465
4.48173186362083e-5
Convergence reached at step 2800 with max_update of 9.996413949696082e-6
Overall min_t:0.13301454678663785
-2.104425864008036
1.8943974601438773
Loss:
Minimum: -2.104425864008036
Maximum: 1.8943974601438773
SUM: 1.6825651982799172e-11
(512, 512)
(512, 512)
(512, 512)
Building Phi
0.9543686508700076
0.05491205672948645
0.0043630250673844205
0.000356980029812358
2.927876254701589e-5
Convergence reached at step 2715 with max_update of 9.988902602953894e-6
Overall min_t:0.0674074611648132
0.0001953125
Have all the divergences
Divergence sum: -0.20873022065940994
0.003775068413029437
0.0006653510798263648
4.9796795584143584e-5
Convergence reached at step 1823 with max_update of 9.993540021647497e-6
Example heights: 0.20542772682944338  and  0.20542772682944338 and 10.205427726829443
Specs: 513  513  526338  2048  524288 1052672
We now have 526338 valid nodes
We've filled up 524288 triangles
We've filled up 1048576 triangles
/Users/admin/causticsEngineering/simulate_batch.py:138: RuntimeWarning: divide by zero encountered in divide
  t_pln = np.where(np.abs(dz_e) > 1e-12, (plane_z - exit_p[:, 2]) / dz_e, -1.0)
[banknote (normal)] Parsing OBJ: mesh.obj ...
[banknote (normal)]   526,338 vertices | 1,052,672 faces
[banknote (normal)]   top_faces=524,292  sigma=1.501  radius=2
[banknote (normal)]   dome=22.14mm  light_z=0.7526  plane_z=-0.7695
[banknote (normal)] Tracing 4 passes ...
[banknote (normal)]   100,000/524,292 (19%)[banknote (normal)]   200,000/524,292 (38%)[banknote (normal)]   300,000/524,292 (57%)[banknote (normal)]   400,000/524,292 (76%)[banknote (normal)]   500,000/524,292 (95%)[banknote (normal)]   524,292/524,292 (100%)
[banknote (normal)]   hit_rate=100.0%  sigma=1.501  faces=524,292
[banknote (normal)] Done -> /Users/admin/causticsEngineering/Final cows/banknote/normal/caustic.png
TIMING: Julia=60s RayTrace=6s Total=67s
