  Activating project at `~/causticsEngineering`
Loading: Final cows/inkbrush.png
Resized to 512x512 — mesh will be ~525k faces
-0.608677139783082
1.0000108599513438
Loss:
Minimum: -0.608677139783082
Maximum: 1.0000108599513438
SUM: 9.094947017729282e-12
(512, 512)
(512, 512)
(512, 512)
Building Phi
5.283733626414836
0.7153033999939218
0.047777286802296814
0.004010226213899089
0.000328503199402051
2.6943259107768403e-5
Convergence reached at step 3199 with max_update of 9.958119971245627e-6
Overall min_t:0.7739725914848943
-1.0520174418915367
1.1132943868270186
Loss:
Minimum: -1.0520174418915367
Maximum: 1.1132943868270186
SUM: -6.366462912410498e-12
(512, 512)
(512, 512)
(512, 512)
Building Phi
3.293379628761232
0.4416985686483025
0.02720435071964344
0.002304693226510024
0.0001888500663920767
1.5489252572804536e-5
Convergence reached at step 3088 with max_update of 9.974159378869363e-6
Overall min_t:0.7376924160437384
-1.2490148775646361
1.23092368369123
Loss:
Minimum: -1.2490148775646361
Maximum: 1.23092368369123
SUM: -4.547473508864641e-13
(512, 512)
(512, 512)
(512, 512)
Building Phi
2.023442919663141
0.27095717544240655
0.014925468941030546
0.0012733799703961506
0.0001043672984520766
Convergence reached at step 2969 with max_update of 9.995939613078319e-6
Overall min_t:0.6555703863771222
-1.322714414786609
1.2971643302993312
Loss:
Minimum: -1.322714414786609
Maximum: 1.2971643302993312
SUM: 8.640199666842818e-12
(512, 512)
(512, 512)
(512, 512)
Building Phi
1.2943907593039816
0.19059583550100176
0.010026029769260895
0.0008576071909448546
7.031501553290575e-5
Convergence reached at step 2890 with max_update of 9.998110895758083e-6
Overall min_t:0.6744731445406714
-1.34942099107581
1.3617993923915623
Loss:
Minimum: -1.34942099107581
Maximum: 1.3617993923915623
SUM: 1.5916157281026244e-12
(512, 512)
(512, 512)
(512, 512)
Building Phi
0.7842829259033891
0.14089602582344474
0.0073448066878939195
0.0006275653109549187
5.1480840119251525e-5
Convergence reached at step 2828 with max_update of 9.981042547946572e-6
Overall min_t:0.5163897236101997
-1.3754822733442298
1.2882936387957353
Loss:
Minimum: -1.3754822733442298
Maximum: 1.2882936387957353
SUM: -6.991740519879386e-12
(512, 512)
(512, 512)
(512, 512)
Building Phi
0.5204994714094681
0.1198081939141545
0.006356516508904787
0.0005401424488624512
4.432493524488434e-5
Convergence reached at step 2798 with max_update of 9.984596109955946e-6
Overall min_t:0.4222530054393466
0.0001953125
Have all the divergences
Divergence sum: 0.4224191117339
0.0024250214656811385
0.0003659419686373993
2.284094704567635e-5
Convergence reached at step 1671 with max_update of 9.957812821232369e-6
Example heights: -0.10981536655105513  and  -0.10981536655105513 and 9.890184633448944
Specs: 513  513  526338  2048  524288 1052672
We now have 526338 valid nodes
We've filled up 524288 triangles
We've filled up 1048576 triangles
/Users/admin/causticsEngineering/simulate_batch.py:138: RuntimeWarning: divide by zero encountered in divide
  t_pln = np.where(np.abs(dz_e) > 1e-12, (plane_z - exit_p[:, 2]) / dz_e, -1.0)
[inkbrush (normal)] Parsing OBJ: mesh.obj ...
[inkbrush (normal)]   526,338 vertices | 1,052,672 faces
[inkbrush (normal)]   top_faces=526,254  sigma=1.498  radius=2
[inkbrush (normal)]   dome=22.05mm  light_z=0.7525  plane_z=-0.7695
[inkbrush (normal)] Tracing 4 passes ...
[inkbrush (normal)]   100,000/526,254 (19%)[inkbrush (normal)]   200,000/526,254 (38%)[inkbrush (normal)]   300,000/526,254 (57%)[inkbrush (normal)]   400,000/526,254 (76%)[inkbrush (normal)]   500,000/526,254 (95%)[inkbrush (normal)]   526,254/526,254 (100%)
[inkbrush (normal)]   hit_rate=99.6%  sigma=1.498  faces=526,254
[inkbrush (normal)] Done -> /Users/admin/causticsEngineering/Final cows/inkbrush/normal/caustic.png
TIMING: Julia=45s RayTrace=7s Total=52s
